<?xml version="1.0" encoding="UTF-8"?>
<!-- Generated by org.testng.reporters.JUnitXMLReporter -->
<testsuite hostname="DESKTOP-5TNI4VL" ignored="2" name="amit&#039;s test case" tests="1" failures="0" timestamp="27 Jan 2019 11:45:20 GMT" time="0.045" errors="0">
  <testcase name="f2" time="0.011" classname="org.testNG.amit.amittestNG"/>
  <testcase name="f1" time="0.0" classname="org.testNG.amit.amittestNG">
    <ignored/>
  </testcase> <!-- f1 -->
  <testcase name="f" time="0.0" classname="org.testNG.amit.amittestNG">
    <ignored/>
  </testcase> <!-- f -->
</testsuite> <!-- amit's test case -->
